<?xml version="1.0" encoding="UTF-8"?>
<!-- Generated by org.testng.reporters.JUnitReportReporter -->
<testsuite skipped="0" hostname="ShubhamS" name="com.Test.RunBrowser" tests="1" failures="0" timestamp="25 May 2018 15:02:06 GMT" time="16.718" errors="0">
  <testcase name="navigation" time="16.718" classname="com.Test.RunBrowser"/>
</testsuite> <!-- com.Test.RunBrowser -->
